Collecting poetry==1.6.1
  Downloading poetry-1.6.1-py3-none-any.whl.metadata (6.8 kB)
Collecting build<0.11.0,>=0.10.0 (from poetry==1.6.1)
  Downloading build-0.10.0-py3-none-any.whl (17 kB)
Collecting cachecontrol<0.14.0,>=0.13.0 (from cachecontrol[filecache]<0.14.0,>=0.13.0->poetry==1.6.1)
  Downloading cachecontrol-0.13.1-py3-none-any.whl.metadata (3.0 kB)
Collecting cleo<3.0.0,>=2.0.0 (from poetry==1.6.1)
  Downloading cleo-2.0.1-py3-none-any.whl (77 kB)
     ━━━━━━━━━━━━━━━━━━━━━━━━━━━━━━━━━━━━━━━━ 77.3/77.3 kB 94.7 kB/s eta 0:00:00
Collecting crashtest<0.5.0,>=0.4.1 (from poetry==1.6.1)
  Downloading crashtest-0.4.1-py3-none-any.whl (7.6 kB)
Collecting dulwich<0.22.0,>=0.21.2 (from poetry==1.6.1)
  Downloading dulwich-0.21.6-cp311-cp311-manylinux_2_17_x86_64.manylinux2014_x86_64.whl.metadata (4.3 kB)
Collecting installer<0.8.0,>=0.7.0 (from poetry==1.6.1)
  Downloading installer-0.7.0-py3-none-any.whl (453 kB)
     ━━━━━━━━━━━━━━━━━━━━━━━━━━━━━━━━━━━━━ 453.8/453.8 kB 608.3 kB/s eta 0:00:00
Collecting jsonschema<4.18.0,>=4.10.0 (from poetry==1.6.1)
  Downloading jsonschema-4.17.3-py3-none-any.whl (90 kB)
     ━━━━━━━━━━━━━━━━━━━━━━━━━━━━━━━━━━━━━━━ 90.4/90.4 kB 576.0 kB/s eta 0:00:00
Collecting keyring<25.0.0,>=24.0.0 (from poetry==1.6.1)
  Downloading keyring-24.2.0-py3-none-any.whl.metadata (20 kB)
Collecting packaging>=20.4 (from poetry==1.6.1)
  Downloading packaging-23.2-py3-none-any.whl.metadata (3.2 kB)
Collecting pexpect<5.0.0,>=4.7.0 (from poetry==1.6.1)
  Downloading pexpect-4.8.0-py2.py3-none-any.whl (59 kB)
     ━━━━━━━━━━━━━━━━━━━━━━━━━━━━━━━━━━━━━━━ 59.0/59.0 kB 618.5 kB/s eta 0:00:00
Collecting pkginfo<2.0.0,>=1.9.4 (from poetry==1.6.1)
  Downloading pkginfo-1.9.6-py3-none-any.whl (30 kB)
Collecting platformdirs<4.0.0,>=3.0.0 (from poetry==1.6.1)
  Downloading platformdirs-3.11.0-py3-none-any.whl.metadata (11 kB)
Collecting poetry-core==1.7.0 (from poetry==1.6.1)
  Downloading poetry_core-1.7.0-py3-none-any.whl.metadata (3.4 kB)
Collecting poetry-plugin-export<2.0.0,>=1.5.0 (from poetry==1.6.1)
  Downloading poetry_plugin_export-1.5.0-py3-none-any.whl.metadata (2.7 kB)
Collecting pyproject-hooks<2.0.0,>=1.0.0 (from poetry==1.6.1)
  Downloading pyproject_hooks-1.0.0-py3-none-any.whl (9.3 kB)
Collecting requests<3.0,>=2.26 (from poetry==1.6.1)
  Downloading requests-2.31.0-py3-none-any.whl.metadata (4.6 kB)
Collecting requests-toolbelt<2,>=0.9.1 (from poetry==1.6.1)
  Downloading requests_toolbelt-1.0.0-py2.py3-none-any.whl (54 kB)
     ━━━━━━━━━━━━━━━━━━━━━━━━━━━━━━━━━━━━━━━ 54.5/54.5 kB 250.8 kB/s eta 0:00:00
Collecting shellingham<2.0,>=1.5 (from poetry==1.6.1)
  Downloading shellingham-1.5.3-py2.py3-none-any.whl.metadata (3.4 kB)
Collecting tomlkit<1.0.0,>=0.11.4 (from poetry==1.6.1)
  Downloading tomlkit-0.12.1-py3-none-any.whl.metadata (2.7 kB)
Collecting trove-classifiers>=2022.5.19 (from poetry==1.6.1)
  Downloading trove_classifiers-2023.10.18-py3-none-any.whl.metadata (2.2 kB)
Collecting virtualenv<21.0.0,>=20.22.0 (from poetry==1.6.1)
  Downloading virtualenv-20.24.5-py3-none-any.whl.metadata (4.5 kB)
Collecting msgpack>=0.5.2 (from cachecontrol<0.14.0,>=0.13.0->cachecontrol[filecache]<0.14.0,>=0.13.0->poetry==1.6.1)
  Downloading msgpack-1.0.7-cp311-cp311-manylinux_2_17_x86_64.manylinux2014_x86_64.whl.metadata (9.1 kB)
Collecting filelock>=3.8.0 (from cachecontrol[filecache]<0.14.0,>=0.13.0->poetry==1.6.1)
  Downloading filelock-3.12.4-py3-none-any.whl.metadata (2.8 kB)
Collecting rapidfuzz<3.0.0,>=2.2.0 (from cleo<3.0.0,>=2.0.0->poetry==1.6.1)
  Downloading rapidfuzz-2.15.2-cp311-cp311-manylinux_2_17_x86_64.manylinux2014_x86_64.whl.metadata (9.0 kB)
Collecting urllib3>=1.25 (from dulwich<0.22.0,>=0.21.2->poetry==1.6.1)
  Downloading urllib3-2.0.7-py3-none-any.whl.metadata (6.6 kB)
Collecting attrs>=17.4.0 (from jsonschema<4.18.0,>=4.10.0->poetry==1.6.1)
  Downloading attrs-23.1.0-py3-none-any.whl (61 kB)
     ━━━━━━━━━━━━━━━━━━━━━━━━━━━━━━━━━━━━━━━ 61.2/61.2 kB 450.8 kB/s eta 0:00:00
Collecting pyrsistent!=0.17.0,!=0.17.1,!=0.17.2,>=0.14.0 (from jsonschema<4.18.0,>=4.10.0->poetry==1.6.1)
  Downloading pyrsistent-0.19.3-py3-none-any.whl (57 kB)
     ━━━━━━━━━━━━━━━━━━━━━━━━━━━━━━━━━━━━━━━ 57.5/57.5 kB 415.8 kB/s eta 0:00:00
Collecting jaraco.classes (from keyring<25.0.0,>=24.0.0->poetry==1.6.1)
  Downloading jaraco.classes-3.3.0-py3-none-any.whl.metadata (2.9 kB)
Collecting importlib-metadata>=4.11.4 (from keyring<25.0.0,>=24.0.0->poetry==1.6.1)
  Downloading importlib_metadata-6.8.0-py3-none-any.whl.metadata (5.1 kB)
Collecting SecretStorage>=3.2 (from keyring<25.0.0,>=24.0.0->poetry==1.6.1)
  Downloading SecretStorage-3.3.3-py3-none-any.whl (15 kB)
Collecting jeepney>=0.4.2 (from keyring<25.0.0,>=24.0.0->poetry==1.6.1)
  Downloading jeepney-0.8.0-py3-none-any.whl (48 kB)
     ━━━━━━━━━━━━━━━━━━━━━━━━━━━━━━━━━━━━━━━ 48.4/48.4 kB 750.7 kB/s eta 0:00:00
Collecting ptyprocess>=0.5 (from pexpect<5.0.0,>=4.7.0->poetry==1.6.1)
  Downloading ptyprocess-0.7.0-py2.py3-none-any.whl (13 kB)
Collecting charset-normalizer<4,>=2 (from requests<3.0,>=2.26->poetry==1.6.1)
  Downloading charset_normalizer-3.3.0-cp311-cp311-manylinux_2_17_x86_64.manylinux2014_x86_64.whl.metadata (32 kB)
Collecting idna<4,>=2.5 (from requests<3.0,>=2.26->poetry==1.6.1)
  Downloading idna-3.4-py3-none-any.whl (61 kB)
     ━━━━━━━━━━━━━━━━━━━━━━━━━━━━━━━━━━━━━━━ 61.5/61.5 kB 722.4 kB/s eta 0:00:00
Collecting certifi>=2017.4.17 (from requests<3.0,>=2.26->poetry==1.6.1)
  Downloading certifi-2023.7.22-py3-none-any.whl.metadata (2.2 kB)
Collecting distlib<1,>=0.3.7 (from virtualenv<21.0.0,>=20.22.0->poetry==1.6.1)
  Downloading distlib-0.3.7-py2.py3-none-any.whl.metadata (5.1 kB)
Collecting zipp>=0.5 (from importlib-metadata>=4.11.4->keyring<25.0.0,>=24.0.0->poetry==1.6.1)
  Downloading zipp-3.17.0-py3-none-any.whl.metadata (3.7 kB)
Collecting cryptography>=2.0 (from SecretStorage>=3.2->keyring<25.0.0,>=24.0.0->poetry==1.6.1)
  Downloading cryptography-41.0.4-cp37-abi3-manylinux_2_28_x86_64.whl.metadata (5.2 kB)
Collecting more-itertools (from jaraco.classes->keyring<25.0.0,>=24.0.0->poetry==1.6.1)
  Downloading more_itertools-10.1.0-py3-none-any.whl.metadata (33 kB)
Collecting cffi>=1.12 (from cryptography>=2.0->SecretStorage>=3.2->keyring<25.0.0,>=24.0.0->poetry==1.6.1)
  Downloading cffi-1.16.0-cp311-cp311-manylinux_2_17_x86_64.manylinux2014_x86_64.whl.metadata (1.5 kB)
Collecting pycparser (from cffi>=1.12->cryptography>=2.0->SecretStorage>=3.2->keyring<25.0.0,>=24.0.0->poetry==1.6.1)
  Downloading pycparser-2.21-py2.py3-none-any.whl (118 kB)
     ━━━━━━━━━━━━━━━━━━━━━━━━━━━━━━━━━━━━━ 118.7/118.7 kB 462.5 kB/s eta 0:00:00
Downloading poetry-1.6.1-py3-none-any.whl (232 kB)
   ━━━━━━━━━━━━━━━━━━━━━━━━━━━━━━━━━━━━━━━ 232.8/232.8 kB 521.0 kB/s eta 0:00:00
Downloading poetry_core-1.7.0-py3-none-any.whl (426 kB)
   ━━━━━━━━━━━━━━━━━━━━━━━━━━━━━━━━━━━━━━━ 426.4/426.4 kB 655.1 kB/s eta 0:00:00
Downloading cachecontrol-0.13.1-py3-none-any.whl (22 kB)
Downloading dulwich-0.21.6-cp311-cp311-manylinux_2_17_x86_64.manylinux2014_x86_64.whl (513 kB)
   ━━━━━━━━━━━━━━━━━━━━━━━━━━━━━━━━━━━━━━━ 513.8/513.8 kB 531.1 kB/s eta 0:00:00
Downloading keyring-24.2.0-py3-none-any.whl (37 kB)
Downloading packaging-23.2-py3-none-any.whl (53 kB)
   ━━━━━━━━━━━━━━━━━━━━━━━━━━━━━━━━━━━━━━━━ 53.0/53.0 kB 1.8 MB/s eta 0:00:00
Downloading platformdirs-3.11.0-py3-none-any.whl (17 kB)
Downloading poetry_plugin_export-1.5.0-py3-none-any.whl (10 kB)
Downloading requests-2.31.0-py3-none-any.whl (62 kB)
   ━━━━━━━━━━━━━━━━━━━━━━━━━━━━━━━━━━━━━━━━ 62.6/62.6 kB 1.1 MB/s eta 0:00:00
Downloading shellingham-1.5.3-py2.py3-none-any.whl (9.7 kB)
Downloading tomlkit-0.12.1-py3-none-any.whl (37 kB)
Downloading trove_classifiers-2023.10.18-py3-none-any.whl (13 kB)
Downloading virtualenv-20.24.5-py3-none-any.whl (3.7 MB)
   ━━━━━━━━━━━━━━━━━━━━━━━━━━━━━━━━━━━━━━━━ 3.7/3.7 MB 905.5 kB/s eta 0:00:00
Downloading certifi-2023.7.22-py3-none-any.whl (158 kB)
   ━━━━━━━━━━━━━━━━━━━━━━━━━━━━━━━━━━━━━━━ 158.3/158.3 kB 289.3 kB/s eta 0:00:00
Downloading charset_normalizer-3.3.0-cp311-cp311-manylinux_2_17_x86_64.manylinux2014_x86_64.whl (137 kB)
   ━━━━━━━━━━━━━━━━━━━━━━━━━━━━━━━━━━━━━━━ 137.1/137.1 kB 798.8 kB/s eta 0:00:00
Downloading distlib-0.3.7-py2.py3-none-any.whl (468 kB)
   ━━━━━━━━━━━━━━━━━━━━━━━━━━━━━━━━━━━━━━━━ 468.9/468.9 kB 1.1 MB/s eta 0:00:00
Downloading filelock-3.12.4-py3-none-any.whl (11 kB)
Downloading importlib_metadata-6.8.0-py3-none-any.whl (22 kB)
Downloading msgpack-1.0.7-cp311-cp311-manylinux_2_17_x86_64.manylinux2014_x86_64.whl (557 kB)
   ━━━━━━━━━━━━━━━━━━━━━━━━━━━━━━━━━━━━━━━ 558.0/558.0 kB 750.6 kB/s eta 0:00:00
Downloading rapidfuzz-2.15.2-cp311-cp311-manylinux_2_17_x86_64.manylinux2014_x86_64.whl (3.0 MB)
   ━━━━━━━━━━━━━━━━━━━━━━━━━━━━━━━━━━━━━━━━ 3.0/3.0 MB 783.1 kB/s eta 0:00:00
Downloading urllib3-2.0.7-py3-none-any.whl (124 kB)
   ━━━━━━━━━━━━━━━━━━━━━━━━━━━━━━━━━━━━━━━ 124.2/124.2 kB 308.7 kB/s eta 0:00:00
Downloading jaraco.classes-3.3.0-py3-none-any.whl (5.9 kB)
Downloading cryptography-41.0.4-cp37-abi3-manylinux_2_28_x86_64.whl (4.4 MB)
   ━━━━━━━━━━━━━━━━━━━━━━━━━━━━━━━━━━━━━━━━ 4.4/4.4 MB 865.6 kB/s eta 0:00:00
Downloading zipp-3.17.0-py3-none-any.whl (7.4 kB)
Downloading more_itertools-10.1.0-py3-none-any.whl (55 kB)
                                            0.0/55.8 kB ? eta -:--:--
ERROR: Exception:
Traceback (most recent call last):
  File "/root/.local/share/pypoetry/venv/lib/python3.11/site-packages/pip/_vendor/urllib3/response.py", line 438, in _error_catcher
    yield
  File "/root/.local/share/pypoetry/venv/lib/python3.11/site-packages/pip/_vendor/urllib3/response.py", line 561, in read
    data = self._fp_read(amt) if not fp_closed else b""
           ^^^^^^^^^^^^^^^^^^
  File "/root/.local/share/pypoetry/venv/lib/python3.11/site-packages/pip/_vendor/urllib3/response.py", line 527, in _fp_read
    return self._fp.read(amt) if amt is not None else self._fp.read()
           ^^^^^^^^^^^^^^^^^^
  File "/root/.local/share/pypoetry/venv/lib/python3.11/site-packages/pip/_vendor/cachecontrol/filewrapper.py", line 98, in read
    data: bytes = self.__fp.read(amt)
                  ^^^^^^^^^^^^^^^^^^^
  File "/usr/lib/python3.11/http/client.py", line 466, in read
    s = self.fp.read(amt)
        ^^^^^^^^^^^^^^^^^
  File "/usr/lib/python3.11/socket.py", line 706, in readinto
    return self._sock.recv_into(b)
           ^^^^^^^^^^^^^^^^^^^^^^^
  File "/usr/lib/python3.11/ssl.py", line 1278, in recv_into
    return self.read(nbytes, buffer)
           ^^^^^^^^^^^^^^^^^^^^^^^^^
  File "/usr/lib/python3.11/ssl.py", line 1134, in read
    return self._sslobj.read(len, buffer)
           ^^^^^^^^^^^^^^^^^^^^^^^^^^^^^^
TimeoutError: The read operation timed out

During handling of the above exception, another exception occurred:

Traceback (most recent call last):
  File "/root/.local/share/pypoetry/venv/lib/python3.11/site-packages/pip/_internal/cli/base_command.py", line 180, in exc_logging_wrapper
    status = run_func(*args)
             ^^^^^^^^^^^^^^^
  File "/root/.local/share/pypoetry/venv/lib/python3.11/site-packages/pip/_internal/cli/req_command.py", line 245, in wrapper
    return func(self, options, args)
           ^^^^^^^^^^^^^^^^^^^^^^^^^
  File "/root/.local/share/pypoetry/venv/lib/python3.11/site-packages/pip/_internal/commands/install.py", line 377, in run
    requirement_set = resolver.resolve(
                      ^^^^^^^^^^^^^^^^^
  File "/root/.local/share/pypoetry/venv/lib/python3.11/site-packages/pip/_internal/resolution/resolvelib/resolver.py", line 179, in resolve
    self.factory.preparer.prepare_linked_requirements_more(reqs)
  File "/root/.local/share/pypoetry/venv/lib/python3.11/site-packages/pip/_internal/operations/prepare.py", line 552, in prepare_linked_requirements_more
    self._complete_partial_requirements(
  File "/root/.local/share/pypoetry/venv/lib/python3.11/site-packages/pip/_internal/operations/prepare.py", line 467, in _complete_partial_requirements
    for link, (filepath, _) in batch_download:
  File "/root/.local/share/pypoetry/venv/lib/python3.11/site-packages/pip/_internal/network/download.py", line 183, in __call__
    for chunk in chunks:
  File "/root/.local/share/pypoetry/venv/lib/python3.11/site-packages/pip/_internal/cli/progress_bars.py", line 53, in _rich_progress_bar
    for chunk in iterable:
  File "/root/.local/share/pypoetry/venv/lib/python3.11/site-packages/pip/_internal/network/utils.py", line 63, in response_chunks
    for chunk in response.raw.stream(
  File "/root/.local/share/pypoetry/venv/lib/python3.11/site-packages/pip/_vendor/urllib3/response.py", line 622, in stream
    data = self.read(amt=amt, decode_content=decode_content)
           ^^^^^^^^^^^^^^^^^^^^^^^^^^^^^^^^^^^^^^^^^^^^^^^^^
  File "/root/.local/share/pypoetry/venv/lib/python3.11/site-packages/pip/_vendor/urllib3/response.py", line 560, in read
    with self._error_catcher():
  File "/usr/lib/python3.11/contextlib.py", line 155, in __exit__
    self.gen.throw(typ, value, traceback)
  File "/root/.local/share/pypoetry/venv/lib/python3.11/site-packages/pip/_vendor/urllib3/response.py", line 443, in _error_catcher
    raise ReadTimeoutError(self._pool, None, "Read timed out.")
pip._vendor.urllib3.exceptions.ReadTimeoutError: HTTPSConnectionPool(host='files.pythonhosted.org', port=443): Read timed out.

Traceback:

  File "<stdin>", line 923, in main
  File "<stdin>", line 560, in run
  File "<stdin>", line 582, in install
  File "<stdin>", line 685, in install_poetry
  File "<stdin>", line 375, in pip
  File "<stdin>", line 372, in python
  File "<stdin>", line 365, in run
